<?xml version="1.0" encoding="UTF-8"?>
<!-- Generated by org.testng.reporters.JUnitXMLReporter -->
<testsuite ignored="3" hostname="Mandvi" failures="0" tests="9" name="Test" time="0.547" errors="0" timestamp="2025-01-02T08:25:42 IST">
  <testcase classname="com.qa.herokuapp.tests.HandleDynamicWebElementsTest" name="@BeforeTest setup" time="0.139">
    <failure type="java.lang.NullPointerException" message="Cannot invoke &amp;quot;org.openqa.selenium.SearchContext.findElement(org.openqa.selenium.By)&amp;quot; because &amp;quot;this.searchContext&amp;quot; is null">
      <![CDATA[java.lang.NullPointerException: Cannot invoke "org.openqa.selenium.SearchContext.findElement(org.openqa.selenium.By)" because "this.searchContext" is null
at org.openqa.selenium.support.pagefactory.DefaultElementLocator.findElement(DefaultElementLocator.java:68)
at org.openqa.selenium.support.pagefactory.internal.LocatingElementHandler.invoke(LocatingElementHandler.java:38)
at jdk.proxy2/jdk.proxy2.$Proxy13.isDisplayed(Unknown Source)
at org.openqa.selenium.support.ui.ExpectedConditions.elementIfVisible(ExpectedConditions.java:304)
at org.openqa.selenium.support.ui.ExpectedConditions$10.apply(ExpectedConditions.java:290)
at org.openqa.selenium.support.ui.ExpectedConditions$10.apply(ExpectedConditions.java:287)
at org.openqa.selenium.support.ui.FluentWait.until(FluentWait.java:203)
at com.qa.herokuapp.helper.WebDriverWaitHelper.waitForTheVisibilityOfElement(WebDriverWaitHelper.java:17)
at com.qa.herokuapp.pages.HomePage.clickOnChallengingDOMLinkText(HomePage.java:48)
at com.qa.herokuapp.tests.HandleDynamicWebElementsTest.setup(HandleDynamicWebElementsTest.java:23)
... Removed 24 stack frames]]>
    </failure>
  </testcase> <!-- @BeforeTest setup -->
  <testcase classname="com.qa.herokuapp.base.TestBase" name="@BeforeClass initializeBrowser" time="0.0">
    <skipped/>
  </testcase> <!-- @BeforeClass initializeBrowser -->
  <testcase classname="com.qa.herokuapp.base.TestBase" name="@AfterClass closeBrowser" time="0.0">
    <skipped/>
  </testcase> <!-- @AfterClass closeBrowser -->
  <testcase classname="com.qa.herokuapp.base.TestBase" name="@BeforeClass initializeBrowser" time="0.0">
    <skipped/>
  </testcase> <!-- @BeforeClass initializeBrowser -->
  <testcase classname="com.qa.herokuapp.base.TestBase" name="@AfterClass closeBrowser" time="0.0">
    <skipped/>
  </testcase> <!-- @AfterClass closeBrowser -->
  <testcase classname="com.qa.herokuapp.base.TestBase" name="@BeforeClass initializeBrowser" time="0.0">
    <skipped/>
  </testcase> <!-- @BeforeClass initializeBrowser -->
  <testcase classname="com.qa.herokuapp.base.TestBase" name="@AfterClass closeBrowser" time="0.0">
    <skipped/>
  </testcase> <!-- @AfterClass closeBrowser -->
  <testcase classname="com.qa.herokuapp.base.TestBase" name="@BeforeClass initializeBrowser" time="0.0">
    <skipped/>
  </testcase> <!-- @BeforeClass initializeBrowser -->
  <testcase classname="com.qa.herokuapp.base.TestBase" name="@AfterClass closeBrowser" time="0.0">
    <skipped/>
  </testcase> <!-- @AfterClass closeBrowser -->
  <testcase classname="com.qa.herokuapp.tests.HandleDynamicWebElementsTest" name="getCanvasContent" time="0.0">
    <skipped/>
  </testcase> <!-- getCanvasContent -->
  <testcase classname="com.qa.herokuapp.tests.HandleDynamicWebElementsTest" name="handleActionButtons" time="0.0">
    <skipped/>
  </testcase> <!-- handleActionButtons -->
  <testcase classname="com.qa.herokuapp.tests.HandleDynamicWebElementsTest" name="handleAndGetTableData" time="0.001">
    <skipped/>
  </testcase> <!-- handleAndGetTableData -->
  <testcase classname="com.qa.herokuapp.tests.HandleDynamicWebElementsTest" name="handleDynamicElement" time="0.0">
    <skipped/>
  </testcase> <!-- handleDynamicElement -->
  <testcase classname="com.qa.herokuapp.tests.LoginTest" name="invalidLogin" time="0.0">
    <skipped/>
  </testcase> <!-- invalidLogin -->
  <testcase classname="com.qa.herokuapp.tests.LoginTest" name="validLogin" time="0.0">
    <skipped/>
  </testcase> <!-- validLogin -->
  <testcase classname="com.qa.herokuapp.pages.BrokenImagesTest" name="brokenImageTest" time="0.0">
    <skipped/>
  </testcase> <!-- brokenImageTest -->
  <testcase classname="com.qa.herokuapp.tests.AddRemoveElementsTest" name="addDeleteElement" time="0.0">
    <skipped/>
  </testcase> <!-- addDeleteElement -->
  <testcase classname="com.qa.herokuapp.tests.AddRemoveElementsTest" name="addElement" time="0.0">
    <skipped/>
  </testcase> <!-- addElement -->
  <testcase classname="com.qa.herokuapp.base.TestBase" name="@BeforeSuite loadConfig" time="0.0">
    <ignored/>
  </testcase> <!-- @BeforeSuite loadConfig -->
  <testcase classname="com.qa.herokuapp.base.TestBase" name="@BeforeSuite loadConfig" time="0.0">
    <ignored/>
  </testcase> <!-- @BeforeSuite loadConfig -->
  <testcase classname="com.qa.herokuapp.base.TestBase" name="@BeforeSuite loadConfig" time="0.0">
    <ignored/>
  </testcase> <!-- @BeforeSuite loadConfig -->
</testsuite> <!-- Test -->
